\BOOKMARK [1][-]{section.1}{\376\377\000I\000N\000T\000R\000O\000D\000U\000C\000T\000I\000O\000N}{}% 1
\BOOKMARK [2][-]{subsection.1.1}{\376\377\000P\000U\000L\000S\000A\000R\000S}{section.1}% 2
\BOOKMARK [2][-]{subsection.1.2}{\376\377\000P\000U\000L\000S\000A\000R\000\040\000T\000I\000M\000I\000N\000G}{section.1}% 3
\BOOKMARK [2][-]{subsection.1.3}{\376\377\000u\000G\000M\000R\000T\000\040\000:\000\040\000U\000p\000g\000r\000a\000d\000e\000d\000\040\000G\000i\000a\000n\000t\000\040\000M\000e\000t\000r\000e\000w\000a\000v\000e\000\040\000R\000a\000d\000i\000o\000\040\000T\000e\000l\000e\000s\000c\000o\000p\000e}{section.1}% 4
\BOOKMARK [2][-]{subsection.1.4}{\376\377\000P\000I\000N\000T\000A}{section.1}% 5
\BOOKMARK [2][-]{subsection.1.5}{\376\377\000P\000R\000O\000C\000E\000S\000S\000I\000N\000G\000\040\000I\000N\000D\000I\000V\000I\000D\000U\000A\000L\000\040\000E\000P\000O\000C\000H\000S}{section.1}% 6
\BOOKMARK [2][-]{subsection.1.6}{\376\377\000O\000V\000E\000R\000V\000I\000E\000W\000\040\000O\000F\000\040\000P\000R\000O\000C\000E\000S\000S\000I\000N\000G}{section.1}% 7
\BOOKMARK [2][-]{subsection.1.7}{\376\377\000C\000O\000N\000T\000R\000I\000B\000U\000T\000I\000O\000N\000S\000\040\000T\000O\000\040\000I\000n\000P\000T\000A}{section.1}% 8
\BOOKMARK [1][-]{section.2}{\376\377\000E\000V\000I\000D\000E\000N\000C\000E\000\040\000F\000O\000R\000\040\000P\000R\000O\000F\000I\000L\000E\000\040\000C\000H\000A\000N\000G\000E\000S\000\040\000I\000N\000\040\000P\000S\000R\000\040\000J\0001\0007\0001\0003\000+\0000\0007\0004\0007\000\040\000U\000S\000I\000N\000G\000\040\000T\000H\000E\000\040\000U\000G\000M\000R\000T}{}% 9
\BOOKMARK [2][-]{subsection.2.1}{\376\377\000I\000N\000T\000R\000O\000D\000U\000C\000T\000I\000O\000N}{section.2}% 10
\BOOKMARK [2][-]{subsection.2.2}{\376\377\000O\000B\000S\000E\000R\000V\000A\000T\000I\000O\000N\000S}{section.2}% 11
\BOOKMARK [2][-]{subsection.2.3}{\376\377\000T\000H\000E\000\040\000P\000R\000O\000F\000I\000L\000E\000\040\000C\000H\000A\000N\000G\000E}{section.2}% 12
\BOOKMARK [2][-]{subsection.2.4}{\376\377\000R\000E\000S\000U\000L\000T\000S}{section.2}% 13
\BOOKMARK [1][-]{section.3}{\376\377\000P\000I\000N\000T\000A\000\040\000V\000E\000R\000S\000I\000O\000N\000\040\0006\000\040\000V\000A\000L\000I\000D\000A\000T\000I\000O\000N}{}% 14
\BOOKMARK [2][-]{subsection.3.1}{\376\377\000I\000N\000T\000R\000O\000D\000U\000C\000T\000I\000O\000N}{section.3}% 15
\BOOKMARK [2][-]{subsection.3.2}{\376\377\000A\000C\000T\000I\000O\000N\000\040\000T\000A\000K\000E\000N}{section.3}% 16
\BOOKMARK [2][-]{subsection.3.3}{\376\377\000D\000E\000T\000E\000R\000M\000I\000N\000A\000T\000I\000O\000N\000\040\000O\000F\000\040\000F\000R\000E\000Q\000U\000E\000N\000C\000Y\000\040\000S\000H\000I\000F\000T}{section.3}% 17
\BOOKMARK [2][-]{subsection.3.4}{\376\377\000R\000E\000S\000U\000L\000T\000S}{section.3}% 18
\BOOKMARK [2][-]{subsection.3.5}{\376\377\000C\000O\000N\000C\000L\000U\000S\000I\000O\000N\000S}{section.3}% 19
\BOOKMARK [1][-]{section.4}{\376\377\000A\000C\000K\000N\000O\000W\000L\000E\000D\000G\000M\000E\000N\000T\000S}{}% 20
